<?xml version="1.0" encoding="UTF-8"?>
<testsuite name="AutorizationTest" tests="1" skipped="0" failures="0" errors="0" timestamp="2020-05-11T19:10:37" hostname="DESKTOP-CO5G9GP" time="28.331">
  <properties/>
  <testcase name="autorization" classname="AutorizationTest" time="28.331"/>
  <system-out><![CDATA[]]></system-out>
  <system-err><![CDATA[SLF4J: Failed to load class "org.slf4j.impl.StaticLoggerBinder".
SLF4J: Defaulting to no-operation (NOP) logger implementation
SLF4J: See http://www.slf4j.org/codes.html#StaticLoggerBinder for further details.
Starting ChromeDriver 81.0.4044.138 (8c6c7ba89cc9453625af54f11fd83179e23450fa-refs/branch-heads/4044@{#999}) on port 3124
Only local connections are allowed.
Please protect ports used by ChromeDriver and related test frameworks to prevent access by malicious code.
мая 11, 2020 10:10:42 PM org.openqa.selenium.remote.ProtocolHandshake createSession
INFO: Detected dialect: W3C
[1589224244.410][SEVERE]: Timed out receiving message from renderer: 0.100
[1589224244.532][SEVERE]: Timed out receiving message from renderer: 0.100
[1589224244.634][SEVERE]: Timed out receiving message from renderer: 0.100
[1589224244.736][SEVERE]: Timed out receiving message from renderer: 0.100
[1589224244.990][SEVERE]: Timed out receiving message from renderer: 0.100
[1589224245.094][SEVERE]: Timed out receiving message from renderer: 0.100
[1589224245.451][SEVERE]: Timed out receiving message from renderer: 0.100
[1589224246.404][SEVERE]: Timed out receiving message from renderer: 0.100
[1589224247.177][SEVERE]: Timed out receiving message from renderer: 0.100
[1589224261.785][SEVERE]: Timed out receiving message from renderer: 0.100
[1589224261.887][SEVERE]: Timed out receiving message from renderer: 0.100
[1589224261.988][SEVERE]: Timed out receiving message from renderer: 0.100
[1589224262.101][SEVERE]: Timed out receiving message from renderer: 0.100
[1589224264.120][SEVERE]: Timed out receiving message from renderer: 0.100
[1589224264.402][SEVERE]: Timed out receiving message from renderer: 0.100
[1589224265.136][SEVERE]: Timed out receiving message from renderer: 0.100
]]></system-err>
</testsuite>
